?   	todo-app/cmd/server	[no test files]
?   	todo-app/internal/handler	[no test files]
?   	todo-app/internal/model	[no test files]
?   	todo-app/internal/repository	[no test files]
?   	todo-app/internal/service	[no test files]
=== RUN   TestAPI_ResponseStructure
=== RUN   TestAPI_ResponseStructure/POST_/api/todos_-_creates_todo_with_correct_structure
=== RUN   TestAPI_ResponseStructure/GET_/api/todos_-_returns_array_structure
--- PASS: TestAPI_ResponseStructure (0.00s)
    --- PASS: TestAPI_ResponseStructure/POST_/api/todos_-_creates_todo_with_correct_structure (0.00s)
    --- PASS: TestAPI_ResponseStructure/GET_/api/todos_-_returns_array_structure (0.00s)
=== RUN   TestAPI_ContentTypeHeaders
=== RUN   TestAPI_ContentTypeHeaders/Valid_JSON_content_type
=== RUN   TestAPI_ContentTypeHeaders/Missing_content_type
    api_contract_test.go:132: 
        	Error Trace:	/Users/cemalocak/Desktop/case study/todo-app/test/contract/api_contract_test.go:132
        	Error:      	Not equal: 
        	            	expected: 400
        	            	actual  : 201
        	Test:       	TestAPI_ContentTypeHeaders/Missing_content_type
=== RUN   TestAPI_ContentTypeHeaders/Invalid_content_type
    api_contract_test.go:132: 
        	Error Trace:	/Users/cemalocak/Desktop/case study/todo-app/test/contract/api_contract_test.go:132
        	Error:      	Not equal: 
        	            	expected: 400
        	            	actual  : 201
        	Test:       	TestAPI_ContentTypeHeaders/Invalid_content_type
--- FAIL: TestAPI_ContentTypeHeaders (0.00s)
    --- PASS: TestAPI_ContentTypeHeaders/Valid_JSON_content_type (0.00s)
    --- FAIL: TestAPI_ContentTypeHeaders/Missing_content_type (0.00s)
    --- FAIL: TestAPI_ContentTypeHeaders/Invalid_content_type (0.00s)
=== RUN   TestAPI_ErrorResponses
=== RUN   TestAPI_ErrorResponses/Get_non-existent_todo
=== RUN   TestAPI_ErrorResponses/Update_non-existent_todo
=== RUN   TestAPI_ErrorResponses/Delete_non-existent_todo
--- PASS: TestAPI_ErrorResponses (0.00s)
    --- PASS: TestAPI_ErrorResponses/Get_non-existent_todo (0.00s)
    --- PASS: TestAPI_ErrorResponses/Update_non-existent_todo (0.00s)
    --- PASS: TestAPI_ErrorResponses/Delete_non-existent_todo (0.00s)
=== RUN   TestAPI_CORSHeaders
--- PASS: TestAPI_CORSHeaders (0.00s)
FAIL
FAIL	todo-app/test/contract	0.201s
=== RUN   TestAddTodoItem_UserStory
--- PASS: TestAddTodoItem_UserStory (0.00s)
=== RUN   TestGetTodoByID_UserStory
--- PASS: TestGetTodoByID_UserStory (0.00s)
=== RUN   TestUpdateTodo_UserStory
--- PASS: TestUpdateTodo_UserStory (0.00s)
=== RUN   TestDeleteTodo_UserStory
--- PASS: TestDeleteTodo_UserStory (0.00s)
=== RUN   TestErrorHandling_NotFound
--- PASS: TestErrorHandling_NotFound (0.00s)
=== RUN   TestErrorHandling_BadRequest
--- PASS: TestErrorHandling_BadRequest (0.00s)
=== RUN   TestEmptyState_UserStory
--- PASS: TestEmptyState_UserStory (0.00s)
=== RUN   TestMultipleTodos_UserStory
--- PASS: TestMultipleTodos_UserStory (0.00s)
PASS
ok  	todo-app/test/integration	(cached)
=== RUN   TestConcurrentRequests
=== RUN   TestConcurrentRequests/Concurrent_Create
    load_test.go:60: Created 100 todos in 1.663584ms (60111.18 req/sec)
=== RUN   TestConcurrentRequests/Concurrent_Read
    load_test.go:103: Completed 100 read requests in 2.562584ms (39023.11 req/sec)
--- PASS: TestConcurrentRequests (0.00s)
    --- PASS: TestConcurrentRequests/Concurrent_Create (0.00s)
    --- PASS: TestConcurrentRequests/Concurrent_Read (0.00s)
=== RUN   TestResponseTime
=== RUN   TestResponseTime/Create_Response_Time
    load_test.go:162: Create Todo Response Times - Avg: 1.637µs, Min: 1.125µs, Max: 9.042µs
--- PASS: TestResponseTime (0.00s)
    --- PASS: TestResponseTime/Create_Response_Time (0.00s)
=== RUN   TestMemoryUsage
=== RUN   TestMemoryUsage/Memory_Growth
    load_test.go:198: Created 1000 todos in 4.137917ms
    load_test.go:209: Read 1000 todos in 552.333µs
--- PASS: TestMemoryUsage (0.01s)
    --- PASS: TestMemoryUsage/Memory_Growth (0.01s)
PASS
ok  	todo-app/test/performance	(cached)
=== RUN   TestTodoHandler_CreateTodo
--- PASS: TestTodoHandler_CreateTodo (0.00s)
=== RUN   TestTodoHandler_CreateTodo_EmptyText
    handler_create_test.go:56: 
        	Error Trace:	/Users/cemalocak/Desktop/case study/todo-app/test/unit/handler_create_test.go:56
        	Error:      	Not equal: 
        	            	expected: 400
        	            	actual  : 201
        	Test:       	TestTodoHandler_CreateTodo_EmptyText
--- FAIL: TestTodoHandler_CreateTodo_EmptyText (0.00s)
=== RUN   TestTodoHandler_CreateTodo_InvalidJSON
--- PASS: TestTodoHandler_CreateTodo_InvalidJSON (0.00s)
=== RUN   TestTodoHandler_DeleteTodo
--- PASS: TestTodoHandler_DeleteTodo (0.00s)
=== RUN   TestTodoHandler_DeleteTodo_NotFound
--- PASS: TestTodoHandler_DeleteTodo_NotFound (0.00s)
=== RUN   TestTodoHandler_DeleteTodo_InvalidID
--- PASS: TestTodoHandler_DeleteTodo_InvalidID (0.00s)
=== RUN   TestTodoHandler_GetTodoByID
--- PASS: TestTodoHandler_GetTodoByID (0.00s)
=== RUN   TestTodoHandler_GetTodoByID_NotFound
--- PASS: TestTodoHandler_GetTodoByID_NotFound (0.00s)
=== RUN   TestTodoHandler_GetTodoByID_InvalidID
--- PASS: TestTodoHandler_GetTodoByID_InvalidID (0.00s)
=== RUN   TestTodoHandler_GetAllTodos
    handler_read_test.go:98: 
        	Error Trace:	/Users/cemalocak/Desktop/case study/todo-app/test/unit/handler_read_test.go:98
        	Error:      	Not equal: 
        	            	expected: "todo 1"
        	            	actual  : "todo 2"
        	            	
        	            	Diff:
        	            	--- Expected
        	            	+++ Actual
        	            	@@ -1 +1 @@
        	            	-todo 1
        	            	+todo 2
        	Test:       	TestTodoHandler_GetAllTodos
    handler_read_test.go:99: 
        	Error Trace:	/Users/cemalocak/Desktop/case study/todo-app/test/unit/handler_read_test.go:99
        	Error:      	Not equal: 
        	            	expected: "todo 2"
        	            	actual  : "todo 1"
        	            	
        	            	Diff:
        	            	--- Expected
        	            	+++ Actual
        	            	@@ -1 +1 @@
        	            	-todo 2
        	            	+todo 1
        	Test:       	TestTodoHandler_GetAllTodos
--- FAIL: TestTodoHandler_GetAllTodos (0.00s)
=== RUN   TestTodoHandler_GetAllTodos_Empty
--- PASS: TestTodoHandler_GetAllTodos_Empty (0.00s)
=== RUN   TestTodoHandler_UpdateTodo
--- PASS: TestTodoHandler_UpdateTodo (0.00s)
=== RUN   TestTodoHandler_UpdateTodo_NotFound
--- PASS: TestTodoHandler_UpdateTodo_NotFound (0.00s)
=== RUN   TestTodoHandler_UpdateTodo_InvalidID
--- PASS: TestTodoHandler_UpdateTodo_InvalidID (0.00s)
=== RUN   TestTodoHandler_UpdateTodo_EmptyText
    handler_update_test.go:104: 
        	Error Trace:	/Users/cemalocak/Desktop/case study/todo-app/test/unit/handler_update_test.go:104
        	Error:      	Not equal: 
        	            	expected: 400
        	            	actual  : 200
        	Test:       	TestTodoHandler_UpdateTodo_EmptyText
--- FAIL: TestTodoHandler_UpdateTodo_EmptyText (0.00s)
=== RUN   TestInMemoryTodoRepository_Create
--- PASS: TestInMemoryTodoRepository_Create (0.00s)
=== RUN   TestInMemoryTodoRepository_GetByID
--- PASS: TestInMemoryTodoRepository_GetByID (0.00s)
=== RUN   TestInMemoryTodoRepository_GetByID_NotFound
--- PASS: TestInMemoryTodoRepository_GetByID_NotFound (0.00s)
=== RUN   TestInMemoryTodoRepository_GetAll
--- PASS: TestInMemoryTodoRepository_GetAll (0.00s)
=== RUN   TestInMemoryTodoRepository_Update
--- PASS: TestInMemoryTodoRepository_Update (0.00s)
=== RUN   TestInMemoryTodoRepository_Update_NotFound
--- PASS: TestInMemoryTodoRepository_Update_NotFound (0.00s)
=== RUN   TestInMemoryTodoRepository_Delete
--- PASS: TestInMemoryTodoRepository_Delete (0.00s)
=== RUN   TestInMemoryTodoRepository_Delete_NotFound
--- PASS: TestInMemoryTodoRepository_Delete_NotFound (0.00s)
=== RUN   TestTodoService_CreateTodo
--- PASS: TestTodoService_CreateTodo (0.00s)
=== RUN   TestTodoService_GetTodoByID
--- PASS: TestTodoService_GetTodoByID (0.00s)
=== RUN   TestTodoService_GetTodoByID_NotFound
--- PASS: TestTodoService_GetTodoByID_NotFound (0.00s)
=== RUN   TestTodoService_GetAllTodos
--- PASS: TestTodoService_GetAllTodos (0.00s)
=== RUN   TestTodoService_UpdateTodo
--- PASS: TestTodoService_UpdateTodo (0.00s)
=== RUN   TestTodoService_UpdateTodo_NotFound
--- PASS: TestTodoService_UpdateTodo_NotFound (0.00s)
=== RUN   TestTodoService_DeleteTodo
--- PASS: TestTodoService_DeleteTodo (0.00s)
=== RUN   TestTodoService_DeleteTodo_NotFound
--- PASS: TestTodoService_DeleteTodo_NotFound (0.00s)
=== RUN   TestSQLiteTodoRepository_Create
--- PASS: TestSQLiteTodoRepository_Create (0.00s)
=== RUN   TestSQLiteTodoRepository_GetByID
--- PASS: TestSQLiteTodoRepository_GetByID (0.00s)
=== RUN   TestSQLiteTodoRepository_GetByID_NotFound
--- PASS: TestSQLiteTodoRepository_GetByID_NotFound (0.00s)
=== RUN   TestSQLiteTodoRepository_GetAll
--- PASS: TestSQLiteTodoRepository_GetAll (0.00s)
=== RUN   TestSQLiteTodoRepository_Update
--- PASS: TestSQLiteTodoRepository_Update (0.00s)
=== RUN   TestSQLiteTodoRepository_Update_NotFound
--- PASS: TestSQLiteTodoRepository_Update_NotFound (0.00s)
=== RUN   TestSQLiteTodoRepository_Delete
--- PASS: TestSQLiteTodoRepository_Delete (0.00s)
=== RUN   TestSQLiteTodoRepository_Delete_NotFound
--- PASS: TestSQLiteTodoRepository_Delete_NotFound (0.00s)
=== RUN   TestSQLiteTodoRepository_DatabasePersistence
--- PASS: TestSQLiteTodoRepository_DatabasePersistence (0.00s)
FAIL
FAIL	todo-app/test/unit	0.377s
FAIL
