<testsuites id="" name="" tests="9" failures="7" skipped="0" errors="0" time="12.102287999999998">
<testsuite name="todo.spec.js" timestamp="2025-07-24T09:58:29.107Z" hostname="chromium" tests="6" failures="4" skipped="0" time="37.266" errors="0">
<testcase name="Todo App E2E Tests â€º User Story: Add &quot;sÃ¼t al&quot; and see it in the list" classname="todo.spec.js" time="10.395">
<failure message="todo.spec.js:23:2 User Story: Add &quot;sÃ¼t al&quot; and see it in the list" type="FAILURE">
<![CDATA[  [chromium] â€º todo.spec.js:23:2 â€º Todo App E2E Tests â€º User Story: Add "sÃ¼t al" and see it in the list 

    TimeoutError: page.click: Timeout 10000ms exceeded.
    Call log:
      - waiting for locator('[data-testid="add-button"]')


      29 |
      30 | 		// And: User clicks the "Add" button
    > 31 | 		await page.click('[data-testid="add-button"]');
         | 		           ^
      32 |
      33 | 		// Then: "sÃ¼t al" should appear in the list
      34 | 		// Use first() since we know it's the only item and should be at the top
        at /Users/cemalocak/Desktop/case study/todo-app/tests/e2e/todo.spec.js:31:14

    attachment #1: screenshot (image/png) â”€â”€â”€â”€â”€â”€â”€â”€â”€â”€â”€â”€â”€â”€â”€â”€â”€â”€â”€â”€â”€â”€â”€â”€â”€â”€â”€â”€â”€â”€â”€â”€â”€â”€â”€â”€â”€â”€â”€â”€â”€â”€â”€â”€â”€â”€â”€â”€â”€â”€â”€â”€â”€â”€â”€â”€â”€â”€
    test-results/todo-Todo-App-E2E-Tests-Us-22aca-t-al-and-see-it-in-the-list-chromium/test-failed-1.png
    â”€â”€â”€â”€â”€â”€â”€â”€â”€â”€â”€â”€â”€â”€â”€â”€â”€â”€â”€â”€â”€â”€â”€â”€â”€â”€â”€â”€â”€â”€â”€â”€â”€â”€â”€â”€â”€â”€â”€â”€â”€â”€â”€â”€â”€â”€â”€â”€â”€â”€â”€â”€â”€â”€â”€â”€â”€â”€â”€â”€â”€â”€â”€â”€â”€â”€â”€â”€â”€â”€â”€â”€â”€â”€â”€â”€â”€â”€â”€â”€â”€â”€â”€â”€â”€â”€â”€â”€â”€â”€â”€â”€â”€â”€â”€â”€

    attachment #2: video (video/webm) â”€â”€â”€â”€â”€â”€â”€â”€â”€â”€â”€â”€â”€â”€â”€â”€â”€â”€â”€â”€â”€â”€â”€â”€â”€â”€â”€â”€â”€â”€â”€â”€â”€â”€â”€â”€â”€â”€â”€â”€â”€â”€â”€â”€â”€â”€â”€â”€â”€â”€â”€â”€â”€â”€â”€â”€â”€â”€â”€â”€â”€â”€
    test-results/todo-Todo-App-E2E-Tests-Us-22aca-t-al-and-see-it-in-the-list-chromium/video.webm
    â”€â”€â”€â”€â”€â”€â”€â”€â”€â”€â”€â”€â”€â”€â”€â”€â”€â”€â”€â”€â”€â”€â”€â”€â”€â”€â”€â”€â”€â”€â”€â”€â”€â”€â”€â”€â”€â”€â”€â”€â”€â”€â”€â”€â”€â”€â”€â”€â”€â”€â”€â”€â”€â”€â”€â”€â”€â”€â”€â”€â”€â”€â”€â”€â”€â”€â”€â”€â”€â”€â”€â”€â”€â”€â”€â”€â”€â”€â”€â”€â”€â”€â”€â”€â”€â”€â”€â”€â”€â”€â”€â”€â”€â”€â”€â”€

    Error Context: test-results/todo-Todo-App-E2E-Tests-Us-22aca-t-al-and-see-it-in-the-list-chromium/error-context.md
]]>
</failure>
<system-out>
<![CDATA[
[[ATTACHMENT|test-results/todo-Todo-App-E2E-Tests-Us-22aca-t-al-and-see-it-in-the-list-chromium/test-failed-1.png]]

[[ATTACHMENT|test-results/todo-Todo-App-E2E-Tests-Us-22aca-t-al-and-see-it-in-the-list-chromium/video.webm]]

[[ATTACHMENT|test-results/todo-Todo-App-E2E-Tests-Us-22aca-t-al-and-see-it-in-the-list-chromium/error-context.md]]
]]>
</system-out>
<system-err>
<![CDATA[Failed to truncate test database: database is locked (5) (SQLITE_BUSY)

]]>
</system-err>
</testcase>
<testcase name="Todo App E2E Tests â€º Empty state is shown correctly" classname="todo.spec.js" time="0.324">
<system-err>
<![CDATA[Failed to truncate test database: database is locked (5) (SQLITE_BUSY)

]]>
</system-err>
</testcase>
<testcase name="Todo App E2E Tests â€º Todo CRUD operations work correctly" classname="todo.spec.js" time="10.402">
<failure message="todo.spec.js:48:2 Todo CRUD operations work correctly" type="FAILURE">
<![CDATA[  [chromium] â€º todo.spec.js:48:2 â€º Todo App E2E Tests â€º Todo CRUD operations work correctly â”€â”€â”€â”€â”€â”€â”€â”€

    TimeoutError: page.click: Timeout 10000ms exceeded.
    Call log:
      - waiting for locator('[data-testid="add-button"]')


      49 | 		// Create
      50 | 		await page.fill('[data-testid="todo-input"]', 'Test todo');
    > 51 | 		await page.click('[data-testid="add-button"]');
         | 		           ^
      52 |
      53 | 		// Get the first todo item since we know it's the only one
      54 | 		const todoItem = page.locator('[data-testid="todo-item"]').first();
        at /Users/cemalocak/Desktop/case study/todo-app/tests/e2e/todo.spec.js:51:14

    attachment #1: screenshot (image/png) â”€â”€â”€â”€â”€â”€â”€â”€â”€â”€â”€â”€â”€â”€â”€â”€â”€â”€â”€â”€â”€â”€â”€â”€â”€â”€â”€â”€â”€â”€â”€â”€â”€â”€â”€â”€â”€â”€â”€â”€â”€â”€â”€â”€â”€â”€â”€â”€â”€â”€â”€â”€â”€â”€â”€â”€â”€â”€
    test-results/todo-Todo-App-E2E-Tests-Todo-CRUD-operations-work-correctly-chromium/test-failed-1.png
    â”€â”€â”€â”€â”€â”€â”€â”€â”€â”€â”€â”€â”€â”€â”€â”€â”€â”€â”€â”€â”€â”€â”€â”€â”€â”€â”€â”€â”€â”€â”€â”€â”€â”€â”€â”€â”€â”€â”€â”€â”€â”€â”€â”€â”€â”€â”€â”€â”€â”€â”€â”€â”€â”€â”€â”€â”€â”€â”€â”€â”€â”€â”€â”€â”€â”€â”€â”€â”€â”€â”€â”€â”€â”€â”€â”€â”€â”€â”€â”€â”€â”€â”€â”€â”€â”€â”€â”€â”€â”€â”€â”€â”€â”€â”€â”€

    attachment #2: video (video/webm) â”€â”€â”€â”€â”€â”€â”€â”€â”€â”€â”€â”€â”€â”€â”€â”€â”€â”€â”€â”€â”€â”€â”€â”€â”€â”€â”€â”€â”€â”€â”€â”€â”€â”€â”€â”€â”€â”€â”€â”€â”€â”€â”€â”€â”€â”€â”€â”€â”€â”€â”€â”€â”€â”€â”€â”€â”€â”€â”€â”€â”€â”€
    test-results/todo-Todo-App-E2E-Tests-Todo-CRUD-operations-work-correctly-chromium/video.webm
    â”€â”€â”€â”€â”€â”€â”€â”€â”€â”€â”€â”€â”€â”€â”€â”€â”€â”€â”€â”€â”€â”€â”€â”€â”€â”€â”€â”€â”€â”€â”€â”€â”€â”€â”€â”€â”€â”€â”€â”€â”€â”€â”€â”€â”€â”€â”€â”€â”€â”€â”€â”€â”€â”€â”€â”€â”€â”€â”€â”€â”€â”€â”€â”€â”€â”€â”€â”€â”€â”€â”€â”€â”€â”€â”€â”€â”€â”€â”€â”€â”€â”€â”€â”€â”€â”€â”€â”€â”€â”€â”€â”€â”€â”€â”€â”€

    Error Context: test-results/todo-Todo-App-E2E-Tests-Todo-CRUD-operations-work-correctly-chromium/error-context.md
]]>
</failure>
<system-out>
<![CDATA[
[[ATTACHMENT|test-results/todo-Todo-App-E2E-Tests-Todo-CRUD-operations-work-correctly-chromium/test-failed-1.png]]

[[ATTACHMENT|test-results/todo-Todo-App-E2E-Tests-Todo-CRUD-operations-work-correctly-chromium/video.webm]]

[[ATTACHMENT|test-results/todo-Todo-App-E2E-Tests-Todo-CRUD-operations-work-correctly-chromium/error-context.md]]
]]>
</system-out>
</testcase>
<testcase name="Todo App E2E Tests â€º API integration works correctly" classname="todo.spec.js" time="0.324">
<system-err>
<![CDATA[Failed to truncate test database: database is locked (5) (SQLITE_BUSY)

]]>
</system-err>
</testcase>
<testcase name="Todo App E2E Tests â€º App is responsive on mobile" classname="todo.spec.js" time="10.392">
<failure message="todo.spec.js:78:2 App is responsive on mobile" type="FAILURE">
<![CDATA[  [chromium] â€º todo.spec.js:78:2 â€º Todo App E2E Tests â€º App is responsive on mobile â”€â”€â”€â”€â”€â”€â”€â”€â”€â”€â”€â”€â”€â”€â”€â”€

    TimeoutError: page.click: Timeout 10000ms exceeded.
    Call log:
      - waiting for locator('[data-testid="add-button"]')


      82 | 		// Check if app is still functional
      83 | 		await page.fill('[data-testid="todo-input"]', 'Mobile todo');
    > 84 | 		await page.click('[data-testid="add-button"]');
         | 		           ^
      85 |
      86 | 		// Check the first (and only) todo item
      87 | 		const todoItem = page.locator('[data-testid="todo-item"]').first();
        at /Users/cemalocak/Desktop/case study/todo-app/tests/e2e/todo.spec.js:84:14

    attachment #1: screenshot (image/png) â”€â”€â”€â”€â”€â”€â”€â”€â”€â”€â”€â”€â”€â”€â”€â”€â”€â”€â”€â”€â”€â”€â”€â”€â”€â”€â”€â”€â”€â”€â”€â”€â”€â”€â”€â”€â”€â”€â”€â”€â”€â”€â”€â”€â”€â”€â”€â”€â”€â”€â”€â”€â”€â”€â”€â”€â”€â”€
    test-results/todo-Todo-App-E2E-Tests-App-is-responsive-on-mobile-chromium/test-failed-1.png
    â”€â”€â”€â”€â”€â”€â”€â”€â”€â”€â”€â”€â”€â”€â”€â”€â”€â”€â”€â”€â”€â”€â”€â”€â”€â”€â”€â”€â”€â”€â”€â”€â”€â”€â”€â”€â”€â”€â”€â”€â”€â”€â”€â”€â”€â”€â”€â”€â”€â”€â”€â”€â”€â”€â”€â”€â”€â”€â”€â”€â”€â”€â”€â”€â”€â”€â”€â”€â”€â”€â”€â”€â”€â”€â”€â”€â”€â”€â”€â”€â”€â”€â”€â”€â”€â”€â”€â”€â”€â”€â”€â”€â”€â”€â”€â”€

    attachment #2: video (video/webm) â”€â”€â”€â”€â”€â”€â”€â”€â”€â”€â”€â”€â”€â”€â”€â”€â”€â”€â”€â”€â”€â”€â”€â”€â”€â”€â”€â”€â”€â”€â”€â”€â”€â”€â”€â”€â”€â”€â”€â”€â”€â”€â”€â”€â”€â”€â”€â”€â”€â”€â”€â”€â”€â”€â”€â”€â”€â”€â”€â”€â”€â”€
    test-results/todo-Todo-App-E2E-Tests-App-is-responsive-on-mobile-chromium/video.webm
    â”€â”€â”€â”€â”€â”€â”€â”€â”€â”€â”€â”€â”€â”€â”€â”€â”€â”€â”€â”€â”€â”€â”€â”€â”€â”€â”€â”€â”€â”€â”€â”€â”€â”€â”€â”€â”€â”€â”€â”€â”€â”€â”€â”€â”€â”€â”€â”€â”€â”€â”€â”€â”€â”€â”€â”€â”€â”€â”€â”€â”€â”€â”€â”€â”€â”€â”€â”€â”€â”€â”€â”€â”€â”€â”€â”€â”€â”€â”€â”€â”€â”€â”€â”€â”€â”€â”€â”€â”€â”€â”€â”€â”€â”€â”€â”€

    Error Context: test-results/todo-Todo-App-E2E-Tests-App-is-responsive-on-mobile-chromium/error-context.md
]]>
</failure>
<system-out>
<![CDATA[
[[ATTACHMENT|test-results/todo-Todo-App-E2E-Tests-App-is-responsive-on-mobile-chromium/test-failed-1.png]]

[[ATTACHMENT|test-results/todo-Todo-App-E2E-Tests-App-is-responsive-on-mobile-chromium/video.webm]]

[[ATTACHMENT|test-results/todo-Todo-App-E2E-Tests-App-is-responsive-on-mobile-chromium/error-context.md]]
]]>
</system-out>
</testcase>
<testcase name="Todo App E2E Tests â€º Accessibility: Basic a11y checks" classname="todo.spec.js" time="5.429">
<failure message="todo.spec.js:91:2 Accessibility: Basic a11y checks" type="FAILURE">
<![CDATA[  [chromium] â€º todo.spec.js:91:2 â€º Todo App E2E Tests â€º Accessibility: Basic a11y checks â”€â”€â”€â”€â”€â”€â”€â”€â”€â”€â”€

    Error: Timed out 5000ms waiting for expect(locator).toHaveAttribute(expected)

    Locator: locator('[data-testid="add-button"]')
    Expected string: "Add todo button"
    Received: <element(s) not found>
    Call log:
      - Expect "toHaveAttribute" with timeout 5000ms
      - waiting for locator('[data-testid="add-button"]')


      92 | 		// Check for basic accessibility features
      93 | 		await expect(page.locator('[data-testid="todo-input"]')).toHaveAttribute('aria-label', 'Todo text input');
    > 94 | 		await expect(page.locator('[data-testid="add-button"]')).toHaveAttribute('aria-label', 'Add todo button');
         | 		                                                         ^
      95 |
      96 | 		// Check for proper heading structure
      97 | 		await expect(page.locator('h2')).toContainText('GÃ¶revler');
        at /Users/cemalocak/Desktop/case study/todo-app/tests/e2e/todo.spec.js:94:60

    attachment #1: screenshot (image/png) â”€â”€â”€â”€â”€â”€â”€â”€â”€â”€â”€â”€â”€â”€â”€â”€â”€â”€â”€â”€â”€â”€â”€â”€â”€â”€â”€â”€â”€â”€â”€â”€â”€â”€â”€â”€â”€â”€â”€â”€â”€â”€â”€â”€â”€â”€â”€â”€â”€â”€â”€â”€â”€â”€â”€â”€â”€â”€
    test-results/todo-Todo-App-E2E-Tests-Accessibility-Basic-a11y-checks-chromium/test-failed-1.png
    â”€â”€â”€â”€â”€â”€â”€â”€â”€â”€â”€â”€â”€â”€â”€â”€â”€â”€â”€â”€â”€â”€â”€â”€â”€â”€â”€â”€â”€â”€â”€â”€â”€â”€â”€â”€â”€â”€â”€â”€â”€â”€â”€â”€â”€â”€â”€â”€â”€â”€â”€â”€â”€â”€â”€â”€â”€â”€â”€â”€â”€â”€â”€â”€â”€â”€â”€â”€â”€â”€â”€â”€â”€â”€â”€â”€â”€â”€â”€â”€â”€â”€â”€â”€â”€â”€â”€â”€â”€â”€â”€â”€â”€â”€â”€â”€

    attachment #2: video (video/webm) â”€â”€â”€â”€â”€â”€â”€â”€â”€â”€â”€â”€â”€â”€â”€â”€â”€â”€â”€â”€â”€â”€â”€â”€â”€â”€â”€â”€â”€â”€â”€â”€â”€â”€â”€â”€â”€â”€â”€â”€â”€â”€â”€â”€â”€â”€â”€â”€â”€â”€â”€â”€â”€â”€â”€â”€â”€â”€â”€â”€â”€â”€
    test-results/todo-Todo-App-E2E-Tests-Accessibility-Basic-a11y-checks-chromium/video.webm
    â”€â”€â”€â”€â”€â”€â”€â”€â”€â”€â”€â”€â”€â”€â”€â”€â”€â”€â”€â”€â”€â”€â”€â”€â”€â”€â”€â”€â”€â”€â”€â”€â”€â”€â”€â”€â”€â”€â”€â”€â”€â”€â”€â”€â”€â”€â”€â”€â”€â”€â”€â”€â”€â”€â”€â”€â”€â”€â”€â”€â”€â”€â”€â”€â”€â”€â”€â”€â”€â”€â”€â”€â”€â”€â”€â”€â”€â”€â”€â”€â”€â”€â”€â”€â”€â”€â”€â”€â”€â”€â”€â”€â”€â”€â”€â”€

    Error Context: test-results/todo-Todo-App-E2E-Tests-Accessibility-Basic-a11y-checks-chromium/error-context.md
]]>
</failure>
<system-out>
<![CDATA[
[[ATTACHMENT|test-results/todo-Todo-App-E2E-Tests-Accessibility-Basic-a11y-checks-chromium/test-failed-1.png]]

[[ATTACHMENT|test-results/todo-Todo-App-E2E-Tests-Accessibility-Basic-a11y-checks-chromium/video.webm]]

[[ATTACHMENT|test-results/todo-Todo-App-E2E-Tests-Accessibility-Basic-a11y-checks-chromium/error-context.md]]
]]>
</system-out>
<system-err>
<![CDATA[Failed to truncate test database: database is locked (5) (SQLITE_BUSY)

]]>
</system-err>
</testcase>
</testsuite>
<testsuite name="todo.spec.ts" timestamp="2025-07-24T09:58:29.107Z" hostname="chromium" tests="3" failures="3" skipped="0" time="21.215" errors="0">
<testcase name="Todo App â€º should add a new todo" classname="todo.spec.ts" time="0.339">
<failure message="todo.spec.ts:8:6 should add a new todo" type="FAILURE">
<![CDATA[  [chromium] â€º todo.spec.ts:8:6 â€º Todo App â€º should add a new todo â”€â”€â”€â”€â”€â”€â”€â”€â”€â”€â”€â”€â”€â”€â”€â”€â”€â”€â”€â”€â”€â”€â”€â”€â”€â”€â”€â”€â”€â”€â”€â”€â”€

    Error: expect(received).toBe(expected) // Object.is equality

    Expected: "New Todo Item"
    Received: "New Todo Item#2âœï¸ DÃ¼zenleðŸ—‘ï¸ Sil"

      13 | 		// Verify todo is added
      14 | 		const todoText = await page.textContent('[data-testid="todo-item"]:first-child');
    > 15 | 		expect(todoText).toBe('New Todo Item');
         | 		                 ^
      16 | 	});
      17 |
      18 | 	test('should edit a todo', async ({ page }) => {
        at /Users/cemalocak/Desktop/case study/todo-app/tests/e2e/todo.spec.ts:15:20

    attachment #1: screenshot (image/png) â”€â”€â”€â”€â”€â”€â”€â”€â”€â”€â”€â”€â”€â”€â”€â”€â”€â”€â”€â”€â”€â”€â”€â”€â”€â”€â”€â”€â”€â”€â”€â”€â”€â”€â”€â”€â”€â”€â”€â”€â”€â”€â”€â”€â”€â”€â”€â”€â”€â”€â”€â”€â”€â”€â”€â”€â”€â”€
    test-results/todo-Todo-App-should-add-a-new-todo-chromium/test-failed-1.png
    â”€â”€â”€â”€â”€â”€â”€â”€â”€â”€â”€â”€â”€â”€â”€â”€â”€â”€â”€â”€â”€â”€â”€â”€â”€â”€â”€â”€â”€â”€â”€â”€â”€â”€â”€â”€â”€â”€â”€â”€â”€â”€â”€â”€â”€â”€â”€â”€â”€â”€â”€â”€â”€â”€â”€â”€â”€â”€â”€â”€â”€â”€â”€â”€â”€â”€â”€â”€â”€â”€â”€â”€â”€â”€â”€â”€â”€â”€â”€â”€â”€â”€â”€â”€â”€â”€â”€â”€â”€â”€â”€â”€â”€â”€â”€â”€

    attachment #2: video (video/webm) â”€â”€â”€â”€â”€â”€â”€â”€â”€â”€â”€â”€â”€â”€â”€â”€â”€â”€â”€â”€â”€â”€â”€â”€â”€â”€â”€â”€â”€â”€â”€â”€â”€â”€â”€â”€â”€â”€â”€â”€â”€â”€â”€â”€â”€â”€â”€â”€â”€â”€â”€â”€â”€â”€â”€â”€â”€â”€â”€â”€â”€â”€
    test-results/todo-Todo-App-should-add-a-new-todo-chromium/video.webm
    â”€â”€â”€â”€â”€â”€â”€â”€â”€â”€â”€â”€â”€â”€â”€â”€â”€â”€â”€â”€â”€â”€â”€â”€â”€â”€â”€â”€â”€â”€â”€â”€â”€â”€â”€â”€â”€â”€â”€â”€â”€â”€â”€â”€â”€â”€â”€â”€â”€â”€â”€â”€â”€â”€â”€â”€â”€â”€â”€â”€â”€â”€â”€â”€â”€â”€â”€â”€â”€â”€â”€â”€â”€â”€â”€â”€â”€â”€â”€â”€â”€â”€â”€â”€â”€â”€â”€â”€â”€â”€â”€â”€â”€â”€â”€â”€

    Error Context: test-results/todo-Todo-App-should-add-a-new-todo-chromium/error-context.md
]]>
</failure>
<system-out>
<![CDATA[
[[ATTACHMENT|test-results/todo-Todo-App-should-add-a-new-todo-chromium/test-failed-1.png]]

[[ATTACHMENT|test-results/todo-Todo-App-should-add-a-new-todo-chromium/video.webm]]

[[ATTACHMENT|test-results/todo-Todo-App-should-add-a-new-todo-chromium/error-context.md]]
]]>
</system-out>
</testcase>
<testcase name="Todo App â€º should edit a todo" classname="todo.spec.ts" time="10.437">
<failure message="todo.spec.ts:18:6 should edit a todo" type="FAILURE">
<![CDATA[  [chromium] â€º todo.spec.ts:18:6 â€º Todo App â€º should edit a todo â”€â”€â”€â”€â”€â”€â”€â”€â”€â”€â”€â”€â”€â”€â”€â”€â”€â”€â”€â”€â”€â”€â”€â”€â”€â”€â”€â”€â”€â”€â”€â”€â”€â”€â”€

    TimeoutError: page.click: Timeout 10000ms exceeded.
    Call log:
      - waiting for locator('[data-testid="edit-button"]:first-child')


      22 |
      23 | 		// Edit the todo
    > 24 | 		await page.click('[data-testid="edit-button"]:first-child');
         | 		           ^
      25 | 		await page.fill('[data-testid="edit-input"]', 'Edited Todo');
      26 | 		await page.click('[data-testid="save-button"]');
      27 |
        at /Users/cemalocak/Desktop/case study/todo-app/tests/e2e/todo.spec.ts:24:14

    attachment #1: screenshot (image/png) â”€â”€â”€â”€â”€â”€â”€â”€â”€â”€â”€â”€â”€â”€â”€â”€â”€â”€â”€â”€â”€â”€â”€â”€â”€â”€â”€â”€â”€â”€â”€â”€â”€â”€â”€â”€â”€â”€â”€â”€â”€â”€â”€â”€â”€â”€â”€â”€â”€â”€â”€â”€â”€â”€â”€â”€â”€â”€
    test-results/todo-Todo-App-should-edit-a-todo-chromium/test-failed-1.png
    â”€â”€â”€â”€â”€â”€â”€â”€â”€â”€â”€â”€â”€â”€â”€â”€â”€â”€â”€â”€â”€â”€â”€â”€â”€â”€â”€â”€â”€â”€â”€â”€â”€â”€â”€â”€â”€â”€â”€â”€â”€â”€â”€â”€â”€â”€â”€â”€â”€â”€â”€â”€â”€â”€â”€â”€â”€â”€â”€â”€â”€â”€â”€â”€â”€â”€â”€â”€â”€â”€â”€â”€â”€â”€â”€â”€â”€â”€â”€â”€â”€â”€â”€â”€â”€â”€â”€â”€â”€â”€â”€â”€â”€â”€â”€â”€

    attachment #2: video (video/webm) â”€â”€â”€â”€â”€â”€â”€â”€â”€â”€â”€â”€â”€â”€â”€â”€â”€â”€â”€â”€â”€â”€â”€â”€â”€â”€â”€â”€â”€â”€â”€â”€â”€â”€â”€â”€â”€â”€â”€â”€â”€â”€â”€â”€â”€â”€â”€â”€â”€â”€â”€â”€â”€â”€â”€â”€â”€â”€â”€â”€â”€â”€
    test-results/todo-Todo-App-should-edit-a-todo-chromium/video.webm
    â”€â”€â”€â”€â”€â”€â”€â”€â”€â”€â”€â”€â”€â”€â”€â”€â”€â”€â”€â”€â”€â”€â”€â”€â”€â”€â”€â”€â”€â”€â”€â”€â”€â”€â”€â”€â”€â”€â”€â”€â”€â”€â”€â”€â”€â”€â”€â”€â”€â”€â”€â”€â”€â”€â”€â”€â”€â”€â”€â”€â”€â”€â”€â”€â”€â”€â”€â”€â”€â”€â”€â”€â”€â”€â”€â”€â”€â”€â”€â”€â”€â”€â”€â”€â”€â”€â”€â”€â”€â”€â”€â”€â”€â”€â”€â”€

    Error Context: test-results/todo-Todo-App-should-edit-a-todo-chromium/error-context.md
]]>
</failure>
<system-out>
<![CDATA[
[[ATTACHMENT|test-results/todo-Todo-App-should-edit-a-todo-chromium/test-failed-1.png]]

[[ATTACHMENT|test-results/todo-Todo-App-should-edit-a-todo-chromium/video.webm]]

[[ATTACHMENT|test-results/todo-Todo-App-should-edit-a-todo-chromium/error-context.md]]
]]>
</system-out>
</testcase>
<testcase name="Todo App â€º should delete a todo" classname="todo.spec.ts" time="10.439">
<failure message="todo.spec.ts:33:6 should delete a todo" type="FAILURE">
<![CDATA[  [chromium] â€º todo.spec.ts:33:6 â€º Todo App â€º should delete a todo â”€â”€â”€â”€â”€â”€â”€â”€â”€â”€â”€â”€â”€â”€â”€â”€â”€â”€â”€â”€â”€â”€â”€â”€â”€â”€â”€â”€â”€â”€â”€â”€â”€

    TimeoutError: page.click: Timeout 10000ms exceeded.
    Call log:
      - waiting for locator('[data-testid="delete-button"]:first-child')


      40 |
      41 | 		// Delete the todo
    > 42 | 		await page.click('[data-testid="delete-button"]:first-child');
         | 		           ^
      43 |
      44 | 		// Verify todo is deleted
      45 | 		const finalCount = await page.locator('[data-testid="todo-item"]').count();
        at /Users/cemalocak/Desktop/case study/todo-app/tests/e2e/todo.spec.ts:42:14

    attachment #1: screenshot (image/png) â”€â”€â”€â”€â”€â”€â”€â”€â”€â”€â”€â”€â”€â”€â”€â”€â”€â”€â”€â”€â”€â”€â”€â”€â”€â”€â”€â”€â”€â”€â”€â”€â”€â”€â”€â”€â”€â”€â”€â”€â”€â”€â”€â”€â”€â”€â”€â”€â”€â”€â”€â”€â”€â”€â”€â”€â”€â”€
    test-results/todo-Todo-App-should-delete-a-todo-chromium/test-failed-1.png
    â”€â”€â”€â”€â”€â”€â”€â”€â”€â”€â”€â”€â”€â”€â”€â”€â”€â”€â”€â”€â”€â”€â”€â”€â”€â”€â”€â”€â”€â”€â”€â”€â”€â”€â”€â”€â”€â”€â”€â”€â”€â”€â”€â”€â”€â”€â”€â”€â”€â”€â”€â”€â”€â”€â”€â”€â”€â”€â”€â”€â”€â”€â”€â”€â”€â”€â”€â”€â”€â”€â”€â”€â”€â”€â”€â”€â”€â”€â”€â”€â”€â”€â”€â”€â”€â”€â”€â”€â”€â”€â”€â”€â”€â”€â”€â”€

    attachment #2: video (video/webm) â”€â”€â”€â”€â”€â”€â”€â”€â”€â”€â”€â”€â”€â”€â”€â”€â”€â”€â”€â”€â”€â”€â”€â”€â”€â”€â”€â”€â”€â”€â”€â”€â”€â”€â”€â”€â”€â”€â”€â”€â”€â”€â”€â”€â”€â”€â”€â”€â”€â”€â”€â”€â”€â”€â”€â”€â”€â”€â”€â”€â”€â”€
    test-results/todo-Todo-App-should-delete-a-todo-chromium/video.webm
    â”€â”€â”€â”€â”€â”€â”€â”€â”€â”€â”€â”€â”€â”€â”€â”€â”€â”€â”€â”€â”€â”€â”€â”€â”€â”€â”€â”€â”€â”€â”€â”€â”€â”€â”€â”€â”€â”€â”€â”€â”€â”€â”€â”€â”€â”€â”€â”€â”€â”€â”€â”€â”€â”€â”€â”€â”€â”€â”€â”€â”€â”€â”€â”€â”€â”€â”€â”€â”€â”€â”€â”€â”€â”€â”€â”€â”€â”€â”€â”€â”€â”€â”€â”€â”€â”€â”€â”€â”€â”€â”€â”€â”€â”€â”€â”€

    Error Context: test-results/todo-Todo-App-should-delete-a-todo-chromium/error-context.md
]]>
</failure>
<system-out>
<![CDATA[
[[ATTACHMENT|test-results/todo-Todo-App-should-delete-a-todo-chromium/test-failed-1.png]]

[[ATTACHMENT|test-results/todo-Todo-App-should-delete-a-todo-chromium/video.webm]]

[[ATTACHMENT|test-results/todo-Todo-App-should-delete-a-todo-chromium/error-context.md]]
]]>
</system-out>
</testcase>
</testsuite>
</testsuites>