<testsuites id="" name="" tests="9" failures="2" skipped="0" errors="0" time="11.546777">
<testsuite name="todo.spec.js" timestamp="2025-07-24T10:25:43.362Z" hostname="chromium" tests="6" failures="1" skipped="0" time="14.103" errors="0">
<testcase name="Todo App E2E Tests › User Story: Add &quot;süt al&quot; and see it in the list" classname="todo.spec.js" time="10.793">
<failure message="todo.spec.js:24:2 User Story: Add &quot;süt al&quot; and see it in the list" type="FAILURE">
<![CDATA[  [chromium] › todo.spec.js:24:2 › Todo App E2E Tests › User Story: Add "süt al" and see it in the list 

    Error: Timed out 10000ms waiting for expect(locator).toContainText(expected)

    Locator: locator('[data-testid="todo-item"]').first().locator('.todo-text')
    Expected string: "süt al"
    Received: <element(s) not found>
    Call log:
      - Expect "toContainText" with timeout 10000ms
      - waiting for locator('[data-testid="todo-item"]').first().locator('.todo-text')


      34 | 		// Then: "süt al" should appear in the list
      35 | 		const todoItem = page.locator('[data-testid="todo-item"]').first();
    > 36 | 		await expect(todoItem.locator('.todo-text')).toContainText('süt al', { timeout: 10000 });
         | 		                                             ^
      37 |
      38 | 		// And: Input should be cleared
      39 | 		await expect(page.locator('[data-testid="todo-input"]')).toHaveValue('');
        at /Users/cemalocak/Desktop/case study/todo-app/tests/e2e/todo.spec.js:36:48

    attachment #1: screenshot (image/png) ──────────────────────────────────────────────────────────
    test-results/todo-Todo-App-E2E-Tests-Us-22aca-t-al-and-see-it-in-the-list-chromium/test-failed-1.png
    ────────────────────────────────────────────────────────────────────────────────────────────────

    attachment #2: video (video/webm) ──────────────────────────────────────────────────────────────
    test-results/todo-Todo-App-E2E-Tests-Us-22aca-t-al-and-see-it-in-the-list-chromium/video.webm
    ────────────────────────────────────────────────────────────────────────────────────────────────

    Error Context: test-results/todo-Todo-App-E2E-Tests-Us-22aca-t-al-and-see-it-in-the-list-chromium/error-context.md
]]>
</failure>
<system-out>
<![CDATA[
[[ATTACHMENT|test-results/todo-Todo-App-E2E-Tests-Us-22aca-t-al-and-see-it-in-the-list-chromium/test-failed-1.png]]

[[ATTACHMENT|test-results/todo-Todo-App-E2E-Tests-Us-22aca-t-al-and-see-it-in-the-list-chromium/video.webm]]

[[ATTACHMENT|test-results/todo-Todo-App-E2E-Tests-Us-22aca-t-al-and-see-it-in-the-list-chromium/error-context.md]]
]]>
</system-out>
<system-err>
<![CDATA[Failed to truncate test database: database is locked (5) (SQLITE_BUSY)

]]>
</system-err>
</testcase>
<testcase name="Todo App E2E Tests › Empty state is shown correctly" classname="todo.spec.js" time="0.524">
</testcase>
<testcase name="Todo App E2E Tests › Todo CRUD operations work correctly" classname="todo.spec.js" time="1.145">
<system-err>
<![CDATA[Failed to truncate test database: database is locked (5) (SQLITE_BUSY)

]]>
</system-err>
</testcase>
<testcase name="Todo App E2E Tests › API integration works correctly" classname="todo.spec.js" time="0.479">
</testcase>
<testcase name="Todo App E2E Tests › App is responsive on mobile" classname="todo.spec.js" time="0.639">
</testcase>
<testcase name="Todo App E2E Tests › Accessibility: Basic a11y checks" classname="todo.spec.js" time="0.523">
<system-err>
<![CDATA[Failed to truncate test database: database is locked (5) (SQLITE_BUSY)

]]>
</system-err>
</testcase>
</testsuite>
<testsuite name="todo.spec.ts" timestamp="2025-07-24T10:25:43.362Z" hostname="chromium" tests="3" failures="1" skipped="0" time="6.29" errors="0">
<testcase name="Todo App › should add a new todo" classname="todo.spec.ts" time="0.352">
</testcase>
<testcase name="Todo App › should edit a todo" classname="todo.spec.ts" time="5.513">
<failure message="todo.spec.ts:28:6 should edit a todo" type="FAILURE">
<![CDATA[  [chromium] › todo.spec.ts:28:6 › Todo App › should edit a todo ───────────────────────────────────

    Error: Timed out 5000ms waiting for expect(locator).toContainText(expected)

    Locator: locator('[data-testid="todo-item"]').first().locator('.todo-text')
    Expected string: "Edited Todo"
    Received string: "Todo to Edit"
    Call log:
      - Expect "toContainText" with timeout 5000ms
      - waiting for locator('[data-testid="todo-item"]').first().locator('.todo-text')
        7 × locator resolved to <span class="todo-text">Todo to Edit</span>
          - unexpected value "Todo to Edit"


      38 |
      39 | 		// Verify todo is edited
    > 40 | 		await expect(todoItem.locator('.todo-text')).toContainText('Edited Todo');
         | 		                                             ^
      41 | 	});
      42 |
      43 | 	test('should delete a todo', async ({ page }) => {
        at /Users/cemalocak/Desktop/case study/todo-app/tests/e2e/todo.spec.ts:40:48

    attachment #1: screenshot (image/png) ──────────────────────────────────────────────────────────
    test-results/todo-Todo-App-should-edit-a-todo-chromium/test-failed-1.png
    ────────────────────────────────────────────────────────────────────────────────────────────────

    attachment #2: video (video/webm) ──────────────────────────────────────────────────────────────
    test-results/todo-Todo-App-should-edit-a-todo-chromium/video.webm
    ────────────────────────────────────────────────────────────────────────────────────────────────

    Error Context: test-results/todo-Todo-App-should-edit-a-todo-chromium/error-context.md
]]>
</failure>
<system-out>
<![CDATA[
[[ATTACHMENT|test-results/todo-Todo-App-should-edit-a-todo-chromium/test-failed-1.png]]

[[ATTACHMENT|test-results/todo-Todo-App-should-edit-a-todo-chromium/video.webm]]

[[ATTACHMENT|test-results/todo-Todo-App-should-edit-a-todo-chromium/error-context.md]]
]]>
</system-out>
</testcase>
<testcase name="Todo App › should delete a todo" classname="todo.spec.ts" time="0.425">
<system-err>
<![CDATA[Failed to truncate test database: database is locked (5) (SQLITE_BUSY)

]]>
</system-err>
</testcase>
</testsuite>
</testsuites>